{
  "RSpec": {
    "coverage": {
      "/Users/hibaqobsiye/Tic-tac-toe/spec/player_spec.rb": {
        "lines": [
          1,
          null,
          1,
          1,
          1,
          1,
          1,
          null,
          null,
          1,
          1,
          null,
          1,
          1,
          null,
          null,
          null
        ]
      },
      "/Users/hibaqobsiye/Tic-tac-toe/lib/player.rb": {
        "lines": [
          1,
          1,
          null,
          1,
          2,
          2,
          null,
          null,
          null,
          null
        ]
      }
    },
    "timestamp": 1671823315
  }
}
